<?xml version="1.0" encoding="UTF-8"?>
<!-- Generated by org.testng.reporters.JUnitXMLReporter -->
<testsuite ignored="0" hostname="LAPTOP-A7QLBN3N" failures="0" tests="27" name="Default test" time="44.53" errors="0" timestamp="2024-05-31T01:06:27 IST">
  <testcase classname="EPage.ProjectCases" name="Account" time="1.615"/>
  <testcase classname="EPage.ProjectCases" name="FillAccountDetails" time="2.991"/>
  <testcase classname="EPage.ProjectCases" name="WhatsNew" time="1.432"/>
  <testcase classname="EPage.ProjectCases" name="ClickPants" time="1.826"/>
  <testcase classname="EPage.ProjectCases" name="ClickPantsImage" time="2.007"/>
  <testcase classname="EPage.ProjectCases" name="ChooseColor" time="0.195"/>
  <testcase classname="EPage.ProjectCases" name="ChooseSize" time="0.123"/>
  <testcase classname="EPage.ProjectCases" name="AddToCart" time="0.148"/>
  <testcase classname="EPage.ProjectCases" name="ClickMoreInfo" time="0.179"/>
  <testcase classname="EPage.ProjectCases" name="GoHome" time="1.441"/>
  <testcase classname="EPage.ProjectCases" name="Signin" time="1.308"/>
  <testcase classname="EPage.ProjectCases" name="Login" time="2.764"/>
  <testcase classname="EPage.ProjectCases" name="Search" time="1.959"/>
  <testcase classname="EPage.ProjectCases" name="Sort" time="2.427"/>
  <testcase classname="EPage.ProjectCases" name="CartClick" time="0.143"/>
  <testcase classname="EPage.ProjectCases" name="AscendingOrder" time="2.401"/>
  <testcase classname="EPage.ProjectCases" name="WhatsNew1" time="1.415"/>
  <testcase classname="EPage.ProjectCases" name="Sale" time="1.322"/>
  <testcase classname="EPage.ProjectCases" name="ClickShort" time="1.472"/>
  <testcase classname="EPage.ProjectCases" name="ItemGrid" time="0.112"/>
  <testcase classname="EPage.ProjectCases" name="Style" time="0.117"/>
  <testcase classname="EPage.ProjectCases" name="Basic" time="1.475"/>
  <testcase classname="EPage.ProjectCases" name="Gear" time="1.244"/>
  <testcase classname="EPage.ProjectCases" name="Bags" time="1.468"/>
  <testcase classname="EPage.ProjectCases" name="Style1" time="0.115"/>
  <testcase classname="EPage.ProjectCases" name="Luggage" time="1.364"/>
  <testcase classname="EPage.ProjectCases" name="HomepageAfterAddingItemToCart" time="1.182"/>
</testsuite> <!-- Default test -->
