<?xml version="1.0" encoding="UTF-8"?>
<testng-results ignored="0" total="27" passed="27" failed="0" skipped="0">
  <reporter-output>
  </reporter-output>
  <suite started-at="2024-05-31T01:05:43 IST" name="Default suite" finished-at="2024-05-31T01:06:27 IST" duration-ms="44530">
    <groups>
    </groups>
    <test started-at="2024-05-31T01:05:43 IST" name="Default test" finished-at="2024-05-31T01:06:27 IST" duration-ms="44530">
      <class name="EPage.ProjectCases">
        <test-method is-config="true" signature="beforeTest()[pri:0, instance:EPage.ProjectCases@2e3967ea]" started-at="2024-05-31T01:05:43 IST" name="beforeTest" finished-at="2024-05-31T01:05:52 IST" duration-ms="9789" status="PASS">
          <reporter-output>
          </reporter-output>
        </test-method> <!-- beforeTest -->
        <test-method signature="Account()[pri:1, instance:EPage.ProjectCases@2e3967ea]" started-at="2024-05-31T01:05:52 IST" name="Account" finished-at="2024-05-31T01:05:54 IST" duration-ms="1615" status="PASS">
          <reporter-output>
          </reporter-output>
        </test-method> <!-- Account -->
        <test-method signature="FillAccountDetails()[pri:2, instance:EPage.ProjectCases@2e3967ea]" started-at="2024-05-31T01:05:54 IST" name="FillAccountDetails" finished-at="2024-05-31T01:05:57 IST" duration-ms="2991" status="PASS">
          <reporter-output>
          </reporter-output>
        </test-method> <!-- FillAccountDetails -->
        <test-method signature="WhatsNew()[pri:3, instance:EPage.ProjectCases@2e3967ea]" started-at="2024-05-31T01:05:57 IST" name="WhatsNew" finished-at="2024-05-31T01:05:58 IST" duration-ms="1432" status="PASS">
          <reporter-output>
          </reporter-output>
        </test-method> <!-- WhatsNew -->
        <test-method signature="ClickPants()[pri:4, instance:EPage.ProjectCases@2e3967ea]" started-at="2024-05-31T01:05:58 IST" name="ClickPants" finished-at="2024-05-31T01:06:00 IST" duration-ms="1826" status="PASS">
          <reporter-output>
          </reporter-output>
        </test-method> <!-- ClickPants -->
        <test-method signature="ClickPantsImage()[pri:5, instance:EPage.ProjectCases@2e3967ea]" started-at="2024-05-31T01:06:00 IST" name="ClickPantsImage" finished-at="2024-05-31T01:06:02 IST" duration-ms="2007" status="PASS">
          <reporter-output>
          </reporter-output>
        </test-method> <!-- ClickPantsImage -->
        <test-method signature="ChooseColor()[pri:6, instance:EPage.ProjectCases@2e3967ea]" started-at="2024-05-31T01:06:02 IST" name="ChooseColor" finished-at="2024-05-31T01:06:02 IST" duration-ms="195" status="PASS">
          <reporter-output>
          </reporter-output>
        </test-method> <!-- ChooseColor -->
        <test-method signature="ChooseSize()[pri:7, instance:EPage.ProjectCases@2e3967ea]" started-at="2024-05-31T01:06:02 IST" name="ChooseSize" finished-at="2024-05-31T01:06:03 IST" duration-ms="123" status="PASS">
          <reporter-output>
          </reporter-output>
        </test-method> <!-- ChooseSize -->
        <test-method signature="AddToCart()[pri:8, instance:EPage.ProjectCases@2e3967ea]" started-at="2024-05-31T01:06:03 IST" name="AddToCart" finished-at="2024-05-31T01:06:03 IST" duration-ms="148" status="PASS">
          <reporter-output>
          </reporter-output>
        </test-method> <!-- AddToCart -->
        <test-method signature="ClickMoreInfo()[pri:9, instance:EPage.ProjectCases@2e3967ea]" started-at="2024-05-31T01:06:03 IST" name="ClickMoreInfo" finished-at="2024-05-31T01:06:03 IST" duration-ms="179" status="PASS">
          <reporter-output>
          </reporter-output>
        </test-method> <!-- ClickMoreInfo -->
        <test-method signature="GoHome()[pri:10, instance:EPage.ProjectCases@2e3967ea]" started-at="2024-05-31T01:06:03 IST" name="GoHome" finished-at="2024-05-31T01:06:04 IST" duration-ms="1441" status="PASS">
          <reporter-output>
          </reporter-output>
        </test-method> <!-- GoHome -->
        <test-method signature="Signin()[pri:11, instance:EPage.ProjectCases@2e3967ea]" started-at="2024-05-31T01:06:04 IST" name="Signin" finished-at="2024-05-31T01:06:06 IST" duration-ms="1308" status="PASS">
          <reporter-output>
          </reporter-output>
        </test-method> <!-- Signin -->
        <test-method signature="Login()[pri:12, instance:EPage.ProjectCases@2e3967ea]" started-at="2024-05-31T01:06:06 IST" name="Login" finished-at="2024-05-31T01:06:08 IST" duration-ms="2764" status="PASS">
          <reporter-output>
          </reporter-output>
        </test-method> <!-- Login -->
        <test-method signature="Search()[pri:13, instance:EPage.ProjectCases@2e3967ea]" started-at="2024-05-31T01:06:08 IST" name="Search" finished-at="2024-05-31T01:06:10 IST" duration-ms="1959" status="PASS">
          <reporter-output>
          </reporter-output>
        </test-method> <!-- Search -->
        <test-method signature="Sort()[pri:14, instance:EPage.ProjectCases@2e3967ea]" started-at="2024-05-31T01:06:10 IST" name="Sort" finished-at="2024-05-31T01:06:13 IST" duration-ms="2427" status="PASS">
          <reporter-output>
          </reporter-output>
        </test-method> <!-- Sort -->
        <test-method signature="CartClick()[pri:15, instance:EPage.ProjectCases@2e3967ea]" started-at="2024-05-31T01:06:13 IST" name="CartClick" finished-at="2024-05-31T01:06:13 IST" duration-ms="143" status="PASS">
          <reporter-output>
          </reporter-output>
        </test-method> <!-- CartClick -->
        <test-method signature="AscendingOrder()[pri:16, instance:EPage.ProjectCases@2e3967ea]" started-at="2024-05-31T01:06:13 IST" name="AscendingOrder" finished-at="2024-05-31T01:06:15 IST" duration-ms="2401" status="PASS">
          <reporter-output>
          </reporter-output>
        </test-method> <!-- AscendingOrder -->
        <test-method signature="WhatsNew1()[pri:17, instance:EPage.ProjectCases@2e3967ea]" started-at="2024-05-31T01:06:15 IST" name="WhatsNew1" finished-at="2024-05-31T01:06:17 IST" duration-ms="1415" status="PASS">
          <reporter-output>
          </reporter-output>
        </test-method> <!-- WhatsNew1 -->
        <test-method signature="Sale()[pri:18, instance:EPage.ProjectCases@2e3967ea]" started-at="2024-05-31T01:06:17 IST" name="Sale" finished-at="2024-05-31T01:06:18 IST" duration-ms="1322" status="PASS">
          <reporter-output>
          </reporter-output>
        </test-method> <!-- Sale -->
        <test-method signature="ClickShort()[pri:19, instance:EPage.ProjectCases@2e3967ea]" started-at="2024-05-31T01:06:18 IST" name="ClickShort" finished-at="2024-05-31T01:06:20 IST" duration-ms="1472" status="PASS">
          <reporter-output>
          </reporter-output>
        </test-method> <!-- ClickShort -->
        <test-method signature="ItemGrid()[pri:20, instance:EPage.ProjectCases@2e3967ea]" started-at="2024-05-31T01:06:20 IST" name="ItemGrid" finished-at="2024-05-31T01:06:20 IST" duration-ms="112" status="PASS">
          <reporter-output>
          </reporter-output>
        </test-method> <!-- ItemGrid -->
        <test-method signature="Style()[pri:21, instance:EPage.ProjectCases@2e3967ea]" started-at="2024-05-31T01:06:20 IST" name="Style" finished-at="2024-05-31T01:06:20 IST" duration-ms="117" status="PASS">
          <reporter-output>
          </reporter-output>
        </test-method> <!-- Style -->
        <test-method signature="Basic()[pri:22, instance:EPage.ProjectCases@2e3967ea]" started-at="2024-05-31T01:06:20 IST" name="Basic" finished-at="2024-05-31T01:06:21 IST" duration-ms="1475" status="PASS">
          <reporter-output>
          </reporter-output>
        </test-method> <!-- Basic -->
        <test-method signature="Gear()[pri:23, instance:EPage.ProjectCases@2e3967ea]" started-at="2024-05-31T01:06:21 IST" name="Gear" finished-at="2024-05-31T01:06:23 IST" duration-ms="1244" status="PASS">
          <reporter-output>
          </reporter-output>
        </test-method> <!-- Gear -->
        <test-method signature="Bags()[pri:24, instance:EPage.ProjectCases@2e3967ea]" started-at="2024-05-31T01:06:23 IST" name="Bags" finished-at="2024-05-31T01:06:24 IST" duration-ms="1468" status="PASS">
          <reporter-output>
          </reporter-output>
        </test-method> <!-- Bags -->
        <test-method signature="Style1()[pri:25, instance:EPage.ProjectCases@2e3967ea]" started-at="2024-05-31T01:06:24 IST" name="Style1" finished-at="2024-05-31T01:06:24 IST" duration-ms="115" status="PASS">
          <reporter-output>
          </reporter-output>
        </test-method> <!-- Style1 -->
        <test-method signature="Luggage()[pri:26, instance:EPage.ProjectCases@2e3967ea]" started-at="2024-05-31T01:06:24 IST" name="Luggage" finished-at="2024-05-31T01:06:26 IST" duration-ms="1364" status="PASS">
          <reporter-output>
          </reporter-output>
        </test-method> <!-- Luggage -->
        <test-method signature="HomepageAfterAddingItemToCart()[pri:27, instance:EPage.ProjectCases@2e3967ea]" started-at="2024-05-31T01:06:26 IST" name="HomepageAfterAddingItemToCart" finished-at="2024-05-31T01:06:27 IST" duration-ms="1182" status="PASS">
          <reporter-output>
          </reporter-output>
        </test-method> <!-- HomepageAfterAddingItemToCart -->
        <test-method is-config="true" signature="afterTest()[pri:0, instance:EPage.ProjectCases@2e3967ea]" started-at="2024-05-31T01:06:27 IST" name="afterTest" finished-at="2024-05-31T01:06:27 IST" duration-ms="377" status="PASS">
          <reporter-output>
          </reporter-output>
        </test-method> <!-- afterTest -->
      </class> <!-- EPage.ProjectCases -->
    </test> <!-- Default test -->
  </suite> <!-- Default suite -->
</testng-results>
